<?xml version="1.0" encoding="UTF-8"?>
<testng-results ignored="0" total="1" passed="1" failed="0" skipped="0">
  <reporter-output>
  </reporter-output>
  <suite started-at="2023-02-07T17:15:07 WIB" name="Default suite" finished-at="2023-02-07T17:15:09 WIB" duration-ms="1519">
    <groups>
    </groups>
    <test started-at="2023-02-07T17:15:07 WIB" name="Default test" finished-at="2023-02-07T17:15:09 WIB" duration-ms="1519">
      <class name="com.testng.api.sample.GetMethod">
        <test-method signature="getMethod()[pri:0, instance:com.testng.api.sample.GetMethod@71a8adcf]" started-at="2023-02-07T17:15:07 WIB" name="getMethod" finished-at="2023-02-07T17:15:09 WIB" duration-ms="1479" status="PASS">
          <reporter-output>
          </reporter-output>
        </test-method> <!-- getMethod -->
      </class> <!-- com.testng.api.sample.GetMethod -->
    </test> <!-- Default test -->
  </suite> <!-- Default suite -->
</testng-results>
