<?xml version="1.0" encoding="UTF-8"?>
<testng-results ignored="0" total="1" passed="1" failed="0" skipped="0">
  <reporter-output>
  </reporter-output>
  <suite started-at="2023-05-09T14:04:18 WIB" name="Default suite" finished-at="2023-05-09T14:04:19 WIB" duration-ms="1339">
    <groups>
    </groups>
    <test started-at="2023-05-09T14:04:18 WIB" name="Default test" finished-at="2023-05-09T14:04:19 WIB" duration-ms="1339">
      <class name="com.testng.apitesting.basic.PostMethod">
        <test-method is-config="true" signature="beforeTest()[pri:0, instance:com.testng.apitesting.basic.PostMethod@1613674b]" started-at="2023-05-09T14:04:18 WIB" name="beforeTest" finished-at="2023-05-09T14:04:18 WIB" duration-ms="118" status="PASS">
          <reporter-output>
          </reporter-output>
        </test-method> <!-- beforeTest -->
        <test-method signature="hitPostMethod()[pri:0, instance:com.testng.apitesting.basic.PostMethod@1613674b]" started-at="2023-05-09T14:04:18 WIB" name="hitPostMethod" finished-at="2023-05-09T14:04:19 WIB" duration-ms="1181" status="PASS">
          <reporter-output>
          </reporter-output>
        </test-method> <!-- hitPostMethod -->
        <test-method is-config="true" signature="afterTest()[pri:0, instance:com.testng.apitesting.basic.PostMethod@1613674b]" started-at="2023-05-09T14:04:19 WIB" name="afterTest" finished-at="2023-05-09T14:04:19 WIB" duration-ms="2" status="PASS">
          <reporter-output>
          </reporter-output>
        </test-method> <!-- afterTest -->
      </class> <!-- com.testng.apitesting.basic.PostMethod -->
    </test> <!-- Default test -->
  </suite> <!-- Default suite -->
</testng-results>
